<?xml version="1.0" encoding="UTF-8"?>
<!-- Generated by org.testng.reporters.JUnitReportReporter -->
<testsuite hostname="DESKTOP-14BAQH6" failures="0" tests="1" name="runner.TestRunner" time="25.395" errors="0" timestamp="2025-07-03T12:21:16 IST" skipped="0">
  <testcase classname="runner.TestRunner" name="runScenario" time="25.395"/>
  <system-out/>
</testsuite> <!-- runner.TestRunner -->
