<?xml version="1.0" encoding="UTF-8"?>
<!-- Generated by org.testng.reporters.JUnitReportReporter -->
<testsuite hostname="DESKTOP-14BAQH6" failures="0" tests="3" name="runner.TestRunner" time="78.562" errors="0" timestamp="2025-06-18T12:31:01 IST" skipped="0">
  <testcase classname="runner.TestRunner" name="runScenario" time="24.154"/>
  <system-out/>
  <testcase classname="runner.TestRunner" name="runScenario" time="24.678"/>
  <system-out/>
  <testcase classname="runner.TestRunner" name="runScenario" time="29.730"/>
  <system-out/>
</testsuite> <!-- runner.TestRunner -->
