<?xml version="1.0" encoding="UTF-8"?>
<!-- Generated by org.testng.reporters.JUnitReportReporter -->
<testsuite hostname="DESKTOP-14BAQH6" failures="0" tests="1" name="runner.TestRunner" time="60.056" errors="0" timestamp="2025-06-24T13:36:00 IST" skipped="0">
  <testcase classname="runner.TestRunner" name="runScenario" time="60.056"/>
  <system-out/>
</testsuite> <!-- runner.TestRunner -->
